\BOOKMARK [1][-]{section.1}{Preliminary Remark on the role of energy and entropy in the theory of thermodynamic systems}{}% 1
\BOOKMARK [1][-]{section.2}{Criteria of Equilibrium and Stability}{}% 2
\BOOKMARK [1][-]{section.3}{The Conditions of Equilibrium for Heterogeneous Masses in Contact when Uninfluenced by Gravity, Electricity, Distortion of the Solid Masses, or Capillary Tensions.}{}% 3
\BOOKMARK [2][-]{subsection.3.1}{Conditions relating to the Equilibrium between the initially existing Homogeneous Parts of the given Mass.}{section.3}% 4
\BOOKMARK [2][-]{subsection.3.2}{Conditions relating to the possible Formation of Masses Unlike any Previously Existing.}{section.3}% 5
\BOOKMARK [2][-]{subsection.3.3}{Effect of Solidity of any Part of the given Mass.}{section.3}% 6
\BOOKMARK [2][-]{subsection.3.4}{Effect of Additional Equations of Condition.}{section.3}% 7
\BOOKMARK [2][-]{subsection.3.5}{Effect of a Diaphragm \(Equilibrium of Osmotic Forces\).}{section.3}% 8
\BOOKMARK [1][-]{section.4}{Definition and Properties of Fundamental Equations.}{}% 9
\BOOKMARK [2][-]{subsection.4.1}{On the quantities , , .}{section.4}% 10
\BOOKMARK [1][-]{section.5}{Potentials.}{}% 11
\BOOKMARK [1][-]{section.6}{On Coexistent Phases of Matter.}{}% 12
\BOOKMARK [2][-]{subsection.6.1}{Concerning n +1 Coexistent Phases.}{section.6}% 13
\BOOKMARK [2][-]{subsection.6.2}{Concerning Cases in which the Number of Coexistent Phases is less than n+ 1.}{section.6}% 14
\BOOKMARK [1][-]{section.7}{Internal Stability of Homogeneous Fluids as indicated by Fundamental Equations.}{}% 15
\BOOKMARK [2][-]{subsection.7.1}{Stability in respect to Continuous Changes of Phase.}{section.7}% 16
\BOOKMARK [1][-]{section.8}{Geometrical Illustrations.}{}% 17
\BOOKMARK [2][-]{subsection.8.1}{Surfaces in which the Composition of the Body represented is Constant.}{section.8}% 18
\BOOKMARK [2][-]{subsection.8.2}{Surfaces and Curves in which the Composition of the Body represented is Variable and its Temperature and Pressure are Constant.}{section.8}% 19
\BOOKMARK [1][-]{section.9}{Critical Phases.}{}% 20
\BOOKMARK [1][-]{section.10}{On the Values of the Potentials when the Quantity of one of the Components is very small.}{}% 21
\BOOKMARK [1][-]{section.11}{On Certain Points relating to the Molecular Constitution of Bodies.}{}% 22
\BOOKMARK [1][-]{section.12}{The Conditions of Equilibrium for Heterogeneous Masses under the Influence of Gravity.}{}% 23
\BOOKMARK [2][-]{subsection.12.1}{Method of treating the preceding problem, in which the elements of volume are regarded as fixed.}{section.12}% 24
\BOOKMARK [1][-]{section.13}{Fundamental Equations of Ideal Gases and Gas-Mixtures.}{}% 25
\BOOKMARK [2][-]{subsection.13.1}{Inferences in regard to Potentials in Liquids and Solids.}{section.13}% 26
\BOOKMARK [2][-]{subsection.13.2}{Considerations relating to the Increase of Entropy due to the Mixture of Gases by Diffusion.}{section.13}% 27
\BOOKMARK [2][-]{subsection.13.3}{The Phases of Dissipated Energy of an Ideal Gas-mixture with Components which are Chemically Related.}{section.13}% 28
\BOOKMARK [2][-]{subsection.13.4}{Gas-mixtures with Convertible Components.}{section.13}% 29
\BOOKMARK [1][-]{section.14}{The Conditions of Internal and External Equilibrium for Solids in contact with Fluids with regard to all possible States of Strain of the Solids.}{}% 30
\BOOKMARK [2][-]{subsection.14.1}{Fundamental Equations for Solids.}{section.14}% 31
\BOOKMARK [2][-]{subsection.14.2}{Concerning Solids which absorb Fluids.}{section.14}% 32
\BOOKMARK [1][-]{section.15}{Influence of Surfaces of Discontinuity upon the Equilibrium of Heterogeneous Masses.\204Theory of Capillarity.}{}% 33
\BOOKMARK [2][-]{subsection.15.1}{Fundamental Equations for Surfaces of Discontinuity between Fluid Masses.}{section.15}% 34
\BOOKMARK [2][-]{subsection.15.2}{On the Experimental Determination of Fundamental Equations for Surfaces of Discontinuity between Fluid Masses.}{section.15}% 35
\BOOKMARK [2][-]{subsection.15.3}{Fundamental Equations for Plane Surfaces of Discontinuity between Fluid Masses.}{section.15}% 36
\BOOKMARK [2][-]{subsection.15.4}{Concerning the Stability of Surfaces of Discontinuity between Fluid Masses.}{section.15}% 37
\BOOKMARK [2][-]{subsection.15.5}{On the Possibility of the Formation of a Fluid of different Phase within any Homogeneous Fluid.}{section.15}% 38
\BOOKMARK [2][-]{subsection.15.6}{On the Possible Formation at the Surface where two different Homogeneous Fluids meet of a Fluid of different Phase from either.}{section.15}% 39
\BOOKMARK [2][-]{subsection.15.7}{Substitution of Pressures for Potentials in Fundamental Equation for Surfaces.}{section.15}% 40
\BOOKMARK [2][-]{subsection.15.8}{Thermal and Mechanical Relations pertaining to the Extension of a Surface of Discontinuity.}{section.15}% 41
\BOOKMARK [2][-]{subsection.15.9}{Impermeable Films.}{section.15}% 42
\BOOKMARK [2][-]{subsection.15.10}{The Conditions of Internal Equilibrium for a System of Heterogeneous Fluid Masses without neglect of the Influence of the Surfaces of Discontinuity or of Gravity.}{section.15}% 43
\BOOKMARK [2][-]{subsection.15.11}{On the Possibility of the Formation of a New Surface of Discontinuity where several Surfaces of Discontinuity meet.}{section.15}% 44
\BOOKMARK [2][-]{subsection.15.12}{The Condition of Stability for Fluids relating to the Formation of a New Phase at a Line in which Three Surfaces of Discontinuity meet.}{section.15}% 45
\BOOKMARK [2][-]{subsection.15.13}{The Condition of Stability for Fluids relating to the Forrmation of a New Phase at a Point where the Vertices of Four Different Masses meet.}{section.15}% 46
\BOOKMARK [2][-]{subsection.15.14}{Liquid Films.}{section.15}% 47
\BOOKMARK [2][-]{subsection.15.15}{Surfaces of Discontinuity between Solids and Fluids.}{section.15}% 48
\BOOKMARK [1][-]{section.16}{Modification of the Conditions of Equilibrium by Electromotive Force.\204Theory of a Perfect Electro-Chemical Apparatus.}{}% 49
\BOOKMARK [2][-]{subsection.16.1}{General Properties of a Perfect Electro-chemical Apparatus.}{section.16}% 50
